Using pre-set license
Built from '2020.3/staging' branch; Version is '2020.3.0f1 (c7b5465681fb) revision 13088070'; Using compiler version '192528614'; Build Type 'Release'
OS: 'Windows 10 Pro; OS build 22000.466; Version 2009; 64bit' Language: 'tr' Physical Memory: 16332 MB
BatchMode: 1, IsHumanControllingUs: 0, StartBugReporterOnCrash: 0, Is64bit: 1, IsPro: 0

 COMMAND LINE ARGUMENTS:
C:\Program Files\Unity\Hub\Editor\2020.3.0f1\Editor\Unity.exe
-adb2
-batchMode
-noUpm
-name
AssetImportWorker0
-projectPath
C:/Users/technopc/Documents/GitHub/GJUnityProject/JameGam
-logFile
Logs/AssetImportWorker0.log
-srvPort
51155
Successfully changed project path to: C:/Users/technopc/Documents/GitHub/GJUnityProject/JameGam
C:/Users/technopc/Documents/GitHub/GJUnityProject/JameGam
Using Asset Import Pipeline V2.
Refreshing native plugins compatible for Editor in 32.90 ms, found 1 plugins.
Preloading 0 native plugins for Editor in 0.00 ms.
Initialize engine version: 2020.3.0f1 (c7b5465681fb)
[Subsystems] Discovering subsystems at path C:/Program Files/Unity/Hub/Editor/2020.3.0f1/Editor/Data/Resources/UnitySubsystems
[Subsystems] Discovering subsystems at path C:/Users/technopc/Documents/GitHub/GJUnityProject/JameGam/Assets
GfxDevice: creating device client; threaded=0
Direct3D:
    Version:  Direct3D 11.0 [level 11.1]
    Renderer: NVIDIA GeForce GTX 1660 SUPER (ID=0x21c4)
    Vendor:   
    VRAM:     5991 MB
    Driver:   30.0.14.7212
Initialize mono
Mono path[0] = 'C:/Program Files/Unity/Hub/Editor/2020.3.0f1/Editor/Data/Managed'
Mono path[1] = 'C:/Program Files/Unity/Hub/Editor/2020.3.0f1/Editor/Data/MonoBleedingEdge/lib/mono/unityjit'
Mono config path = 'C:/Program Files/Unity/Hub/Editor/2020.3.0f1/Editor/Data/MonoBleedingEdge/etc'
Using monoOptions --debugger-agent=transport=dt_socket,embedding=1,server=y,suspend=n,address=127.0.0.1:56360
Begin MonoManager ReloadAssembly
Registering precompiled unity dll's ...
Register platform support module: C:/Program Files/Unity/Hub/Editor/2020.3.0f1/Editor/Data/PlaybackEngines/WindowsStandaloneSupport/UnityEditor.WindowsStandalone.Extensions.dll
Registered in 0.001290 seconds.
Native extension for WindowsStandalone target not found
Refreshing native plugins compatible for Editor in 32.40 ms, found 1 plugins.
Preloading 0 native plugins for Editor in 0.00 ms.
Invoked RoslynAnalysisRunner static constructor.
RoslynAnalysisRunner will not be running.
RoslynAnalysisRunner has terminated.
Mono: successfully reloaded assembly
- Completed reload, in  1.536 seconds
Platform modules already initialized, skipping
Registering precompiled user dll's ...
Registered in 0.000740 seconds.
Begin MonoManager ReloadAssembly
Native extension for WindowsStandalone target not found
Refreshing native plugins compatible for Editor in 32.95 ms, found 1 plugins.
Preloading 0 native plugins for Editor in 0.00 ms.
Invoked RoslynAnalysisRunner static constructor.
RoslynAnalysisRunner will not be running.
RoslynAnalysisRunner has terminated.
Mono: successfully reloaded assembly
- Completed reload, in  0.816 seconds
Platform modules already initialized, skipping
========================================================================
Worker process is ready to serve import requests
Launched and connected shader compiler UnityShaderCompiler.exe after 0.04 seconds
Refreshing native plugins compatible for Editor in 0.34 ms, found 1 plugins.
Preloading 0 native plugins for Editor in 0.00 ms.
Unloading 1806 Unused Serialized files (Serialized files now loaded: 0)
System memory in use before: 84.5 MB.
System memory in use after: 84.5 MB.

Unloading 24 unused Assets to reduce memory usage. Loaded Objects now: 2248.
Total: 2.182500 ms (FindLiveObjects: 0.295900 ms CreateObjectMapping: 0.070700 ms MarkObjects: 1.695900 ms  DeleteObjects: 0.118900 ms)

========================================================================
Received Import Request.
  path: Assets
  artifactKey: Guid(00000000000000001000000000000000) Importer(815301076,1909f56bfc062723c751e8b465ee728b)
Start importing Assets using Guid(00000000000000001000000000000000) Importer(815301076,1909f56bfc062723c751e8b465ee728b)  -> (artifact id: '42baae205c97e3337697759514652acd') in 0.008959 seconds
  Import took 0.011673 seconds .

========================================================================
Received Import Request.
  Time since last request: 1.721027 seconds.
  path: Assets/Scripts
  artifactKey: Guid(ca55675112804b54597e555e89c1b52e) Importer(815301076,1909f56bfc062723c751e8b465ee728b)
Start importing Assets/Scripts using Guid(ca55675112804b54597e555e89c1b52e) Importer(815301076,1909f56bfc062723c751e8b465ee728b)  -> (artifact id: 'c206eccaa9ea3cad1222ede43e67a158') in 0.008460 seconds
  Import took 0.011496 seconds .

========================================================================
Received Import Request.
  Time since last request: 8.407889 seconds.
  path: Assets/Sprites
  artifactKey: Guid(ec078ecabb8046d47bf3b765d1a97bbd) Importer(815301076,1909f56bfc062723c751e8b465ee728b)
Start importing Assets/Sprites using Guid(ec078ecabb8046d47bf3b765d1a97bbd) Importer(815301076,1909f56bfc062723c751e8b465ee728b)  -> (artifact id: 'e6a3aed7c241466700c8a95ab5306d1c') in 0.008947 seconds
  Import took 0.011839 seconds .

========================================================================
Received Import Request.
  Time since last request: 5.403260 seconds.
  path: Assets/Aniimations
  artifactKey: Guid(c3c5a39fa52a65145878a65540724ae2) Importer(815301076,1909f56bfc062723c751e8b465ee728b)
Start importing Assets/Aniimations using Guid(c3c5a39fa52a65145878a65540724ae2) Importer(815301076,1909f56bfc062723c751e8b465ee728b)  -> (artifact id: 'afc992c897f8403841e7b962be1bb2bd') in 0.007677 seconds
  Import took 0.010430 seconds .

AssetImportWorkerClient::OnTransportError - code=2 error=End of file
